2025-07-05T14:14:23+02:00 Array
(
    [cart] => Array
        (
        )

    [user_id] => 2
    [user_role] => user
)
Array
(
    [product_id] => 5
)
Array
(
    [action] => add
)

2025-07-05T14:14:24+02:00 Array
(
    [cart] => Array
        (
            [5] => 1
        )

    [user_id] => 2
    [user_role] => user
)
Array
(
)
Array
(
    [action] => count
)

2025-07-05T14:14:25+02:00 Array
(
    [cart] => Array
        (
            [5] => 1
        )

    [user_id] => 2
    [user_role] => user
)
Array
(
    [product_id] => 8
)
Array
(
    [action] => add
)

2025-07-05T14:14:26+02:00 Array
(
    [cart] => Array
        (
            [5] => 1
            [8] => 1
        )

    [user_id] => 2
    [user_role] => user
)
Array
(
)
Array
(
    [action] => count
)

2025-07-05T14:14:28+02:00 Array
(
    [cart] => Array
        (
            [5] => 1
            [8] => 1
        )

    [user_id] => 2
    [user_role] => user
)
Array
(
    [product_id] => 3
)
Array
(
    [action] => add
)

2025-07-05T14:14:28+02:00 Array
(
    [cart] => Array
        (
            [5] => 1
            [8] => 1
            [3] => 1
        )

    [user_id] => 2
    [user_role] => user
)
Array
(
)
Array
(
    [action] => count
)

2025-07-05T14:14:30+02:00 Array
(
    [cart] => Array
        (
            [5] => 1
            [8] => 1
            [3] => 1
        )

    [user_id] => 2
    [user_role] => user
)
Array
(
    [product_id] => 3
)
Array
(
    [action] => add
)

2025-07-05T14:14:30+02:00 Array
(
    [cart] => Array
        (
            [5] => 1
            [8] => 1
            [3] => 2
        )

    [user_id] => 2
    [user_role] => user
)
Array
(
)
Array
(
    [action] => count
)

2025-07-06T13:32:07+02:00 Array
(
    [cart] => Array
        (
        )

    [user_id] => 16
    [user_role] => user
)
Array
(
    [product_id] => 5
)
Array
(
    [action] => add
)

2025-07-06T13:32:08+02:00 Array
(
    [cart] => Array
        (
            [5] => 1
        )

    [user_id] => 16
    [user_role] => user
)
Array
(
)
Array
(
    [action] => count
)

2025-07-06T13:32:13+02:00 Array
(
    [cart] => Array
        (
            [5] => 1
        )

    [user_id] => 16
    [user_role] => user
)
Array
(
    [product_id] => 2
)
Array
(
    [action] => add
)

2025-07-06T13:32:15+02:00 Array
(
    [cart] => Array
        (
            [5] => 1
            [2] => 1
        )

    [user_id] => 16
    [user_role] => user
)
Array
(
)
Array
(
    [action] => count
)

2025-07-06T13:32:16+02:00 Array
(
    [cart] => Array
        (
            [5] => 1
            [2] => 1
        )

    [user_id] => 16
    [user_role] => user
)
Array
(
    [product_id] => 2
)
Array
(
    [action] => add
)

2025-07-06T13:32:17+02:00 Array
(
    [cart] => Array
        (
            [5] => 1
            [2] => 2
        )

    [user_id] => 16
    [user_role] => user
)
Array
(
)
Array
(
    [action] => count
)

2025-07-06T13:32:18+02:00 Array
(
    [cart] => Array
        (
            [5] => 1
            [2] => 2
        )

    [user_id] => 16
    [user_role] => user
)
Array
(
    [product_id] => 3
)
Array
(
    [action] => add
)

2025-07-06T13:32:19+02:00 Array
(
    [cart] => Array
        (
            [5] => 1
            [2] => 2
            [3] => 1
        )

    [user_id] => 16
    [user_role] => user
)
Array
(
)
Array
(
    [action] => count
)

2025-07-06T13:37:11+02:00 Array
(
    [cart] => Array
        (
        )

    [user_id] => 1
    [user_role] => admin
)
Array
(
    [product_id] => 19
)
Array
(
    [action] => add
)

2025-07-06T13:37:12+02:00 Array
(
    [cart] => Array
        (
            [19] => 1
        )

    [user_id] => 1
    [user_role] => admin
)
Array
(
)
Array
(
    [action] => count
)

2025-07-06T13:37:18+02:00 Array
(
    [cart] => Array
        (
            [19] => 1
        )

    [user_id] => 1
    [user_role] => admin
)
Array
(
    [product_id] => 19
)
Array
(
    [action] => add
)

2025-07-06T13:37:19+02:00 Array
(
    [cart] => Array
        (
            [19] => 2
        )

    [user_id] => 1
    [user_role] => admin
)
Array
(
)
Array
(
    [action] => count
)

2025-07-06T14:39:17+02:00 Array
(
    [cart] => Array
        (
        )

)
Array
(
    [product_id] => 4
)
Array
(
    [action] => add
)

2025-07-06T14:39:18+02:00 Array
(
    [cart] => Array
        (
            [4] => 1
        )

)
Array
(
)
Array
(
    [action] => count
)

2025-07-06T14:40:16+02:00 Array
(
    [cart] => Array
        (
        )

    [user_id] => 3
    [user_role] => user
)
Array
(
    [product_id] => 5
)
Array
(
    [action] => add
)

2025-07-06T14:40:20+02:00 Array
(
    [cart] => Array
        (
            [5] => 1
        )

    [user_id] => 3
    [user_role] => user
)
Array
(
)
Array
(
    [action] => count
)

2025-07-06T14:50:40+02:00 Array
(
    [cart] => Array
        (
        )

    [user_id] => 6
    [user_role] => user
)
Array
(
    [product_id] => 7
)
Array
(
    [action] => add
)

2025-07-06T14:50:42+02:00 Array
(
    [cart] => Array
        (
            [7] => 1
        )

    [user_id] => 6
    [user_role] => user
)
Array
(
)
Array
(
    [action] => count
)

2025-07-06T16:16:26+02:00 Array
(
    [cart] => Array
        (
        )

)
Array
(
    [product_id] => 2
)
Array
(
    [action] => add
)

2025-07-06T16:16:27+02:00 Array
(
    [cart] => Array
        (
            [2] => 1
        )

)
Array
(
)
Array
(
    [action] => count
)

2025-07-06T16:16:45+02:00 Array
(
    [cart] => Array
        (
            [2] => 1
        )

)
Array
(
    [product_id] => 2
)
Array
(
    [action] => add
)

2025-07-06T16:16:46+02:00 Array
(
    [cart] => Array
        (
            [2] => 2
        )

)
Array
(
)
Array
(
    [action] => count
)

2025-07-06T16:16:47+02:00 Array
(
    [cart] => Array
        (
            [2] => 2
        )

)
Array
(
    [product_id] => 3
)
Array
(
    [action] => add
)

2025-07-06T16:16:47+02:00 Array
(
    [cart] => Array
        (
            [2] => 2
            [3] => 1
        )

)
Array
(
)
Array
(
    [action] => count
)

2025-07-06T19:10:24+02:00 Array
(
    [cart] => Array
        (
        )

)
Array
(
    [product_id] => 2
)
Array
(
    [action] => add
)

2025-07-06T19:10:25+02:00 Array
(
    [cart] => Array
        (
            [2] => 1
        )

)
Array
(
)
Array
(
    [action] => count
)

2025-07-06T19:10:27+02:00 Array
(
    [cart] => Array
        (
            [2] => 1
        )

)
Array
(
    [product_id] => 2
)
Array
(
    [action] => add
)

2025-07-06T19:10:29+02:00 Array
(
    [cart] => Array
        (
            [2] => 2
        )

)
Array
(
)
Array
(
    [action] => count
)

2025-07-06T19:10:31+02:00 Array
(
    [cart] => Array
        (
            [2] => 2
        )

)
Array
(
    [product_id] => 2
)
Array
(
    [action] => add
)

2025-07-06T19:10:32+02:00 Array
(
    [cart] => Array
        (
            [2] => 3
        )

)
Array
(
)
Array
(
    [action] => count
)

2025-07-07T10:15:08+02:00 Array
(
    [cart] => Array
        (
        )

    [user_id] => 1
    [user_role] => admin
)
Array
(
    [product_id] => 3
)
Array
(
    [action] => add
)

2025-07-07T10:15:09+02:00 Array
(
    [cart] => Array
        (
            [3] => 1
        )

    [user_id] => 1
    [user_role] => admin
)
Array
(
)
Array
(
    [action] => count
)

2025-07-07T10:16:18+02:00 Array
(
    [cart] => Array
        (
            [3] => 1
        )

    [user_id] => 1
    [user_role] => admin
)
Array
(
    [product_id] => 20
)
Array
(
    [action] => add
)

2025-07-07T10:16:19+02:00 Array
(
    [cart] => Array
        (
            [3] => 1
            [20] => 1
        )

    [user_id] => 1
    [user_role] => admin
)
Array
(
)
Array
(
    [action] => count
)

2025-07-07T10:16:34+02:00 Array
(
    [cart] => Array
        (
        )

    [user_id] => 1
    [user_role] => admin
)
Array
(
    [product_id] => 2
)
Array
(
    [action] => add
)

2025-07-07T10:16:36+02:00 Array
(
    [cart] => Array
        (
            [2] => 1
        )

    [user_id] => 1
    [user_role] => admin
)
Array
(
)
Array
(
    [action] => count
)

2025-07-07T10:16:38+02:00 Array
(
    [cart] => Array
        (
            [2] => 1
        )

    [user_id] => 1
    [user_role] => admin
)
Array
(
    [product_id] => 20
)
Array
(
    [action] => add
)

2025-07-07T10:16:39+02:00 Array
(
    [cart] => Array
        (
            [2] => 1
            [20] => 1
        )

    [user_id] => 1
    [user_role] => admin
)
Array
(
)
Array
(
    [action] => count
)

2025-07-07T12:42:13+02:00 Array
(
    [cart] => Array
        (
        )

)
Array
(
    [product_id] => 20
)
Array
(
    [action] => add
)

2025-07-07T12:42:14+02:00 Array
(
    [cart] => Array
        (
            [20] => 1
        )

)
Array
(
)
Array
(
    [action] => count
)

2025-07-07T12:59:40+02:00 Array
(
    [cart] => Array
        (
        )

)
Array
(
    [product_id] => 2
)
Array
(
    [action] => add
)

2025-07-07T12:59:41+02:00 Array
(
    [cart] => Array
        (
            [2] => 1
        )

)
Array
(
)
Array
(
    [action] => count
)

2025-07-07T14:05:05+02:00 Array
(
    [cart] => Array
        (
        )

    [user_id] => 2
    [user_role] => user
)
Array
(
    [product_id] => 2
)
Array
(
    [action] => add
)

2025-07-07T14:05:06+02:00 Array
(
    [cart] => Array
        (
            [2] => 1
        )

    [user_id] => 2
    [user_role] => user
)
Array
(
)
Array
(
    [action] => count
)

2025-07-07T14:05:07+02:00 Array
(
    [cart] => Array
        (
            [2] => 1
        )

    [user_id] => 2
    [user_role] => user
)
Array
(
    [product_id] => 2
)
Array
(
    [action] => add
)

2025-07-07T14:05:09+02:00 Array
(
    [cart] => Array
        (
            [2] => 2
        )

    [user_id] => 2
    [user_role] => user
)
Array
(
)
Array
(
    [action] => count
)

2025-07-07T14:23:49+02:00 Array
(
    [cart] => Array
        (
        )

    [user_id] => 2
    [user_role] => user
)
Array
(
    [product_id] => 3
)
Array
(
    [action] => add
)

2025-07-07T14:23:50+02:00 Array
(
    [cart] => Array
        (
            [3] => 1
        )

    [user_id] => 2
    [user_role] => user
)
Array
(
)
Array
(
    [action] => count
)

2025-07-07T15:36:09+02:00 Array
(
    [cart] => Array
        (
        )

    [user_id] => 2
    [user_role] => user
)
Array
(
    [product_id] => 2
)
Array
(
    [action] => add
)

2025-07-07T15:36:10+02:00 Array
(
    [cart] => Array
        (
            [2] => 1
        )

    [user_id] => 2
    [user_role] => user
)
Array
(
)
Array
(
    [action] => count
)

2025-07-07T15:36:19+02:00 Array
(
    [cart] => Array
        (
            [2] => 1
        )

    [user_id] => 2
    [user_role] => user
)
Array
(
    [product_id] => 2
)
Array
(
    [action] => add
)

2025-07-07T15:36:20+02:00 Array
(
    [cart] => Array
        (
            [2] => 2
        )

    [user_id] => 2
    [user_role] => user
)
Array
(
)
Array
(
    [action] => count
)

2025-07-07T15:37:26+02:00 Array
(
    [cart] => Array
        (
        )

    [user_id] => 1
    [user_role] => admin
)
Array
(
    [product_id] => 2
)
Array
(
    [action] => add
)

2025-07-07T15:37:28+02:00 Array
(
    [cart] => Array
        (
            [2] => 1
        )

    [user_id] => 1
    [user_role] => admin
)
Array
(
)
Array
(
    [action] => count
)

2025-07-07T15:37:29+02:00 Array
(
    [cart] => Array
        (
            [2] => 1
        )

    [user_id] => 1
    [user_role] => admin
)
Array
(
    [product_id] => 3
)
Array
(
    [action] => add
)

2025-07-07T15:37:29+02:00 Array
(
    [cart] => Array
        (
            [2] => 1
            [3] => 1
        )

    [user_id] => 1
    [user_role] => admin
)
Array
(
)
Array
(
    [action] => count
)

2025-07-07T15:37:30+02:00 Array
(
    [cart] => Array
        (
            [2] => 1
            [3] => 1
        )

    [user_id] => 1
    [user_role] => admin
)
Array
(
    [product_id] => 4
)
Array
(
    [action] => add
)

2025-07-07T15:37:31+02:00 Array
(
    [cart] => Array
        (
            [2] => 1
            [3] => 1
            [4] => 1
        )

    [user_id] => 1
    [user_role] => admin
)
Array
(
)
Array
(
    [action] => count
)

2025-07-07T15:41:39+02:00 Array
(
    [cart] => Array
        (
            [2] => 1
            [3] => 1
            [4] => 1
        )

    [user_id] => 1
    [user_role] => admin
)
Array
(
    [product_id] => 2
)
Array
(
    [action] => add
)

2025-07-07T15:41:41+02:00 Array
(
    [cart] => Array
        (
            [2] => 2
            [3] => 1
            [4] => 1
        )

    [user_id] => 1
    [user_role] => admin
)
Array
(
)
Array
(
    [action] => count
)

2025-07-07T15:41:43+02:00 Array
(
    [cart] => Array
        (
            [2] => 2
            [3] => 1
            [4] => 1
        )

    [user_id] => 1
    [user_role] => admin
)
Array
(
    [product_id] => 3
)
Array
(
    [action] => add
)

2025-07-07T15:41:45+02:00 Array
(
    [cart] => Array
        (
            [2] => 2
            [3] => 2
            [4] => 1
        )

    [user_id] => 1
    [user_role] => admin
)
Array
(
)
Array
(
    [action] => count
)

2025-07-07T15:52:23+02:00 Array
(
    [cart] => Array
        (
        )

    [user_id] => 3
    [user_role] => user
)
Array
(
    [product_id] => 1
)
Array
(
    [action] => add
)

2025-07-07T15:52:24+02:00 Array
(
    [cart] => Array
        (
            [1] => 1
        )

    [user_id] => 3
    [user_role] => user
)
Array
(
)
Array
(
    [action] => count
)

2025-07-07T15:57:51+02:00 Array
(
    [cart] => Array
        (
            [1] => 1
        )

    [user_id] => 2
    [user_role] => admin
)
Array
(
    [product_id] => 1
)
Array
(
    [action] => add
)

2025-07-07T15:57:53+02:00 Array
(
    [cart] => Array
        (
            [1] => 2
        )

    [user_id] => 2
    [user_role] => admin
)
Array
(
    [product_id] => 2
)
Array
(
    [action] => add
)

2025-07-07T15:57:57+02:00 Array
(
    [cart] => Array
        (
            [1] => 2
            [2] => 1
        )

    [user_id] => 2
    [user_role] => admin
)
Array
(
    [product_id] => 1
)
Array
(
    [action] => add
)

2025-07-07T15:59:51+02:00 Array
(
    [cart] => Array
        (
        )

    [user_id] => 3
    [user_role] => user
)
Array
(
    [product_id] => 4
)
Array
(
    [action] => add
)

2025-07-07T15:59:52+02:00 Array
(
    [cart] => Array
        (
            [4] => 1
        )

    [user_id] => 3
    [user_role] => user
)
Array
(
)
Array
(
    [action] => count
)

2025-07-07T15:59:53+02:00 Array
(
    [cart] => Array
        (
            [4] => 1
        )

    [user_id] => 3
    [user_role] => user
)
Array
(
    [product_id] => 5
)
Array
(
    [action] => add
)

2025-07-07T15:59:54+02:00 Array
(
    [cart] => Array
        (
            [4] => 1
            [5] => 1
        )

    [user_id] => 3
    [user_role] => user
)
Array
(
)
Array
(
    [action] => count
)

2025-07-07T15:59:56+02:00 Array
(
    [cart] => Array
        (
            [4] => 1
            [5] => 1
        )

    [user_id] => 3
    [user_role] => user
)
Array
(
    [product_id] => 6
)
Array
(
    [action] => add
)

2025-07-07T15:59:57+02:00 Array
(
    [cart] => Array
        (
            [4] => 1
            [5] => 1
            [6] => 1
        )

    [user_id] => 3
    [user_role] => user
)
Array
(
)
Array
(
    [action] => count
)

2025-07-07T16:03:56+02:00 Array
(
    [cart] => Array
        (
        )

    [user_id] => 3
    [user_role] => user
)
Array
(
    [product_id] => 2
)
Array
(
    [action] => add
)

2025-07-07T16:03:57+02:00 Array
(
    [cart] => Array
        (
            [2] => 1
        )

    [user_id] => 3
    [user_role] => user
)
Array
(
)
Array
(
    [action] => count
)

2025-07-07T16:03:58+02:00 Array
(
    [cart] => Array
        (
            [2] => 1
        )

    [user_id] => 3
    [user_role] => user
)
Array
(
    [product_id] => 3
)
Array
(
    [action] => add
)

2025-07-07T16:03:59+02:00 Array
(
    [cart] => Array
        (
            [2] => 1
            [3] => 1
        )

    [user_id] => 3
    [user_role] => user
)
Array
(
)
Array
(
    [action] => count
)

2025-07-07T16:04:00+02:00 Array
(
    [cart] => Array
        (
            [2] => 1
            [3] => 1
        )

    [user_id] => 3
    [user_role] => user
)
Array
(
    [product_id] => 1
)
Array
(
    [action] => add
)

2025-07-07T16:04:03+02:00 Array
(
    [cart] => Array
        (
            [2] => 1
            [3] => 1
            [1] => 1
        )

    [user_id] => 3
    [user_role] => user
)
Array
(
)
Array
(
    [action] => count
)

2025-07-07T16:10:37+02:00 Array
(
    [cart] => Array
        (
        )

    [user_id] => 2
    [user_role] => user
)
Array
(
    [product_id] => 4
)
Array
(
    [action] => add
)

2025-07-07T16:10:38+02:00 Array
(
    [cart] => Array
        (
            [4] => 1
        )

    [user_id] => 2
    [user_role] => user
)
Array
(
)
Array
(
    [action] => count
)

2025-07-07T16:10:39+02:00 Array
(
    [cart] => Array
        (
            [4] => 1
        )

    [user_id] => 2
    [user_role] => user
)
Array
(
    [product_id] => 5
)
Array
(
    [action] => add
)

2025-07-07T16:10:40+02:00 Array
(
    [cart] => Array
        (
            [4] => 1
            [5] => 1
        )

    [user_id] => 2
    [user_role] => user
)
Array
(
)
Array
(
    [action] => count
)

2025-07-07T16:14:25+02:00 Array
(
    [cart] => Array
        (
        )

    [user_id] => 2
    [user_role] => user
)
Array
(
    [product_id] => 1
)
Array
(
    [action] => add
)

2025-07-07T16:14:26+02:00 Array
(
    [cart] => Array
        (
            [1] => 1
        )

    [user_id] => 2
    [user_role] => user
)
Array
(
)
Array
(
    [action] => count
)

2025-07-07T16:14:27+02:00 Array
(
    [cart] => Array
        (
            [1] => 1
        )

    [user_id] => 2
    [user_role] => user
)
Array
(
    [product_id] => 2
)
Array
(
    [action] => add
)

2025-07-07T16:14:28+02:00 Array
(
    [cart] => Array
        (
            [1] => 1
            [2] => 1
        )

    [user_id] => 2
    [user_role] => user
)
Array
(
)
Array
(
    [action] => count
)

2025-07-07T16:14:58+02:00 Array
(
    [cart] => Array
        (
        )

    [user_id] => 4
    [user_role] => user
)
Array
(
    [product_id] => 1
)
Array
(
    [action] => add
)

2025-07-07T16:15:00+02:00 Array
(
    [cart] => Array
        (
            [1] => 1
        )

    [user_id] => 4
    [user_role] => user
)
Array
(
)
Array
(
    [action] => count
)

2025-07-07T16:15:16+02:00 Array
(
    [cart] => Array
        (
        )

    [user_id] => 4
    [user_role] => user
)
Array
(
    [product_id] => 2
)
Array
(
    [action] => add
)

2025-07-07T16:15:17+02:00 Array
(
    [cart] => Array
        (
            [2] => 1
        )

    [user_id] => 4
    [user_role] => user
)
Array
(
)
Array
(
    [action] => count
)

2025-07-07T16:15:18+02:00 Array
(
    [cart] => Array
        (
            [2] => 1
        )

    [user_id] => 4
    [user_role] => user
)
Array
(
    [product_id] => 3
)
Array
(
    [action] => add
)

2025-07-07T16:15:19+02:00 Array
(
    [cart] => Array
        (
            [2] => 1
            [3] => 1
        )

    [user_id] => 4
    [user_role] => user
)
Array
(
)
Array
(
    [action] => count
)

2025-07-07T16:19:02+02:00 Array
(
    [cart] => Array
        (
        )

    [user_id] => 4
    [user_role] => user
)
Array
(
    [product_id] => 2
)
Array
(
    [action] => add
)

2025-07-07T16:19:03+02:00 Array
(
    [cart] => Array
        (
            [2] => 1
        )

    [user_id] => 4
    [user_role] => user
)
Array
(
)
Array
(
    [action] => count
)

2025-07-07T16:19:04+02:00 Array
(
    [cart] => Array
        (
            [2] => 1
        )

    [user_id] => 4
    [user_role] => user
)
Array
(
    [product_id] => 3
)
Array
(
    [action] => add
)

2025-07-07T16:19:05+02:00 Array
(
    [cart] => Array
        (
            [2] => 1
            [3] => 1
        )

    [user_id] => 4
    [user_role] => user
)
Array
(
)
Array
(
    [action] => count
)

2025-07-07T16:19:08+02:00 Array
(
    [cart] => Array
        (
            [2] => 1
            [3] => 1
        )

    [user_id] => 4
    [user_role] => user
)
Array
(
    [product_id] => 1
)
Array
(
    [action] => add
)

2025-07-07T16:19:09+02:00 Array
(
    [cart] => Array
        (
            [2] => 1
            [3] => 1
            [1] => 1
        )

    [user_id] => 4
    [user_role] => user
)
Array
(
)
Array
(
    [action] => count
)

2025-07-07T16:19:30+02:00 Array
(
    [cart] => Array
        (
        )

    [user_id] => 4
    [user_role] => user
)
Array
(
    [product_id] => 5
)
Array
(
    [action] => add
)

2025-07-07T16:19:31+02:00 Array
(
    [cart] => Array
        (
            [5] => 1
        )

    [user_id] => 4
    [user_role] => user
)
Array
(
)
Array
(
    [action] => count
)

2025-07-07T16:21:51+02:00 Array
(
    [cart] => Array
        (
        )

    [user_id] => 4
    [user_role] => user
)
Array
(
    [product_id] => 1
)
Array
(
    [action] => add
)

2025-07-07T16:21:52+02:00 Array
(
    [cart] => Array
        (
            [1] => 1
        )

    [user_id] => 4
    [user_role] => user
)
Array
(
)
Array
(
    [action] => count
)

2025-07-07T16:21:53+02:00 Array
(
    [cart] => Array
        (
            [1] => 1
        )

    [user_id] => 4
    [user_role] => user
)
Array
(
    [product_id] => 2
)
Array
(
    [action] => add
)

2025-07-07T16:21:54+02:00 Array
(
    [cart] => Array
        (
            [1] => 1
            [2] => 1
        )

    [user_id] => 4
    [user_role] => user
)
Array
(
)
Array
(
    [action] => count
)

2025-07-07T16:25:24+02:00 Array
(
    [cart] => Array
        (
        )

    [user_id] => 4
    [user_role] => user
)
Array
(
    [product_id] => 1
)
Array
(
    [action] => add
)

2025-07-07T16:25:25+02:00 Array
(
    [cart] => Array
        (
            [1] => 1
        )

    [user_id] => 4
    [user_role] => user
)
Array
(
)
Array
(
    [action] => count
)

2025-07-07T16:25:27+02:00 Array
(
    [cart] => Array
        (
            [1] => 1
        )

    [user_id] => 4
    [user_role] => user
)
Array
(
    [product_id] => 2
)
Array
(
    [action] => add
)

2025-07-07T16:25:27+02:00 Array
(
    [cart] => Array
        (
            [1] => 1
            [2] => 1
        )

    [user_id] => 4
    [user_role] => user
)
Array
(
)
Array
(
    [action] => count
)

2025-07-07T16:43:48+02:00 Array
(
    [cart] => Array
        (
        )

    [user_id] => 3
    [user_role] => user
)
Array
(
    [product_id] => 2
)
Array
(
    [action] => add
)

2025-07-07T16:43:50+02:00 Array
(
    [cart] => Array
        (
            [2] => 1
        )

    [user_id] => 3
    [user_role] => user
)
Array
(
)
Array
(
    [action] => count
)

2025-07-07T16:44:31+02:00 Array
(
    [cart] => Array
        (
        )

    [user_id] => 2
    [user_role] => admin
)
Array
(
    [product_id] => 2
)
Array
(
    [action] => add
)

2025-07-07T16:44:32+02:00 Array
(
    [cart] => Array
        (
            [2] => 1
        )

    [user_id] => 2
    [user_role] => admin
)
Array
(
)
Array
(
    [action] => count
)

2025-07-07T16:44:33+02:00 Array
(
    [cart] => Array
        (
            [2] => 1
        )

    [user_id] => 2
    [user_role] => admin
)
Array
(
    [product_id] => 3
)
Array
(
    [action] => add
)

2025-07-07T16:44:34+02:00 Array
(
    [cart] => Array
        (
            [2] => 1
            [3] => 1
        )

    [user_id] => 2
    [user_role] => admin
)
Array
(
)
Array
(
    [action] => count
)

2025-07-07T16:45:34+02:00 Array
(
    [cart] => Array
        (
        )

    [user_id] => 4
    [user_role] => user
)
Array
(
    [product_id] => 2
)
Array
(
    [action] => add
)

2025-07-07T16:45:35+02:00 Array
(
    [cart] => Array
        (
            [2] => 1
        )

    [user_id] => 4
    [user_role] => user
)
Array
(
)
Array
(
    [action] => count
)

2025-07-07T16:45:36+02:00 Array
(
    [cart] => Array
        (
            [2] => 1
        )

    [user_id] => 4
    [user_role] => user
)
Array
(
    [product_id] => 3
)
Array
(
    [action] => add
)

2025-07-07T16:45:38+02:00 Array
(
    [cart] => Array
        (
            [2] => 1
            [3] => 1
        )

    [user_id] => 4
    [user_role] => user
)
Array
(
)
Array
(
    [action] => count
)

2025-07-07T17:06:30+02:00 Array
(
    [cart] => Array
        (
        )

    [user_id] => 5
    [user_role] => user
)
Array
(
    [product_id] => 2
)
Array
(
    [action] => add
)

2025-07-07T17:06:30+02:00 Array
(
    [cart] => Array
        (
            [2] => 1
        )

    [user_id] => 5
    [user_role] => user
)
Array
(
)
Array
(
    [action] => count
)

2025-07-07T17:06:31+02:00 Array
(
    [cart] => Array
        (
            [2] => 1
        )

    [user_id] => 5
    [user_role] => user
)
Array
(
    [product_id] => 1
)
Array
(
    [action] => add
)

2025-07-07T17:06:33+02:00 Array
(
    [cart] => Array
        (
            [2] => 1
            [1] => 1
        )

    [user_id] => 5
    [user_role] => user
)
Array
(
)
Array
(
    [action] => count
)

2025-07-07T17:09:16+02:00 Array
(
    [cart] => Array
        (
        )

    [user_id] => 6
    [user_role] => user
)
Array
(
    [product_id] => 2
)
Array
(
    [action] => add
)

2025-07-07T17:09:17+02:00 Array
(
    [cart] => Array
        (
            [2] => 1
        )

    [user_id] => 6
    [user_role] => user
)
Array
(
)
Array
(
    [action] => count
)

2025-07-07T17:09:17+02:00 Array
(
    [cart] => Array
        (
            [2] => 1
        )

    [user_id] => 6
    [user_role] => user
)
Array
(
    [product_id] => 1
)
Array
(
    [action] => add
)

2025-07-07T17:09:18+02:00 Array
(
    [cart] => Array
        (
            [2] => 1
            [1] => 1
        )

    [user_id] => 6
    [user_role] => user
)
Array
(
)
Array
(
    [action] => count
)

2025-07-07T17:14:46+02:00 Array
(
    [cart] => Array
        (
        )

    [user_id] => 7
    [user_role] => user
)
Array
(
    [product_id] => 2
)
Array
(
    [action] => add
)

2025-07-07T17:14:47+02:00 Array
(
    [cart] => Array
        (
            [2] => 1
        )

    [user_id] => 7
    [user_role] => user
)
Array
(
)
Array
(
    [action] => count
)

2025-07-07T17:14:48+02:00 Array
(
    [cart] => Array
        (
            [2] => 1
        )

    [user_id] => 7
    [user_role] => user
)
Array
(
    [product_id] => 1
)
Array
(
    [action] => add
)

2025-07-07T17:14:49+02:00 Array
(
    [cart] => Array
        (
            [2] => 1
            [1] => 1
        )

    [user_id] => 7
    [user_role] => user
)
Array
(
)
Array
(
    [action] => count
)

2025-07-07T17:17:06+02:00 Array
(
    [cart] => Array
        (
            [2] => 1
            [1] => 1
        )

    [user_id] => 7
    [user_role] => user
)
Array
(
    [product_id] => 2
)
Array
(
    [action] => add
)

2025-07-07T17:17:06+02:00 Array
(
    [cart] => Array
        (
            [2] => 2
            [1] => 1
        )

    [user_id] => 7
    [user_role] => user
)
Array
(
)
Array
(
    [action] => count
)

2025-07-07T17:17:07+02:00 Array
(
    [cart] => Array
        (
            [2] => 2
            [1] => 1
        )

    [user_id] => 7
    [user_role] => user
)
Array
(
    [product_id] => 1
)
Array
(
    [action] => add
)

2025-07-07T17:17:08+02:00 Array
(
    [cart] => Array
        (
            [2] => 2
            [1] => 2
        )

    [user_id] => 7
    [user_role] => user
)
Array
(
)
Array
(
    [action] => count
)

2025-07-07T17:22:43+02:00 Array
(
    [cart] => Array
        (
        )

    [user_id] => 8
    [user_role] => user
)
Array
(
    [product_id] => 2
)
Array
(
    [action] => add
)

2025-07-07T17:22:44+02:00 Array
(
    [cart] => Array
        (
            [2] => 1
        )

    [user_id] => 8
    [user_role] => user
)
Array
(
)
Array
(
    [action] => count
)

2025-07-07T17:22:46+02:00 Array
(
    [cart] => Array
        (
            [2] => 1
        )

    [user_id] => 8
    [user_role] => user
)
Array
(
    [product_id] => 3
)
Array
(
    [action] => add
)

2025-07-07T17:22:47+02:00 Array
(
    [cart] => Array
        (
            [2] => 1
            [3] => 1
        )

    [user_id] => 8
    [user_role] => user
)
Array
(
)
Array
(
    [action] => count
)

2025-07-07T17:25:23+02:00 Array
(
    [cart] => Array
        (
        )

    [user_id] => 3
    [user_role] => user
)
Array
(
    [product_id] => 2
)
Array
(
    [action] => add
)

2025-07-07T17:25:23+02:00 Array
(
    [cart] => Array
        (
            [2] => 1
        )

    [user_id] => 3
    [user_role] => user
)
Array
(
)
Array
(
    [action] => count
)

2025-07-07T17:29:44+02:00 Array
(
    [cart] => Array
        (
            [2] => 1
        )

    [user_id] => 3
    [user_role] => user
)
Array
(
    [product_id] => 2
)
Array
(
    [action] => add
)

2025-07-07T17:29:45+02:00 Array
(
    [cart] => Array
        (
            [2] => 2
        )

    [user_id] => 3
    [user_role] => user
)
Array
(
)
Array
(
    [action] => count
)

2025-07-07T17:31:35+02:00 Array
(
    [cart] => Array
        (
        )

    [user_id] => 4
    [user_role] => user
)
Array
(
    [product_id] => 2
)
Array
(
    [action] => add
)

2025-07-07T17:31:36+02:00 Array
(
    [cart] => Array
        (
            [2] => 1
        )

    [user_id] => 4
    [user_role] => user
)
Array
(
)
Array
(
    [action] => count
)

2025-07-07T17:31:37+02:00 Array
(
    [cart] => Array
        (
            [2] => 1
        )

    [user_id] => 4
    [user_role] => user
)
Array
(
    [product_id] => 3
)
Array
(
    [action] => add
)

2025-07-07T17:31:38+02:00 Array
(
    [cart] => Array
        (
            [2] => 1
            [3] => 1
        )

    [user_id] => 4
    [user_role] => user
)
Array
(
)
Array
(
    [action] => count
)

2025-07-07T17:33:17+02:00 Array
(
    [cart] => Array
        (
        )

    [user_id] => 5
    [user_role] => user
)
Array
(
    [product_id] => 2
)
Array
(
    [action] => add
)

2025-07-07T17:33:18+02:00 Array
(
    [cart] => Array
        (
            [2] => 1
        )

    [user_id] => 5
    [user_role] => user
)
Array
(
)
Array
(
    [action] => count
)

2025-07-07T17:38:50+02:00 Array
(
    [cart] => Array
        (
        )

    [user_id] => 3
    [user_role] => user
)
Array
(
    [product_id] => 2
)
Array
(
    [action] => add
)

2025-07-07T17:38:52+02:00 Array
(
    [cart] => Array
        (
            [2] => 1
        )

    [user_id] => 3
    [user_role] => user
)
Array
(
)
Array
(
    [action] => count
)

2025-07-07T17:43:31+02:00 Array
(
    [cart] => Array
        (
        )

    [user_id] => 2
    [user_role] => user
)
Array
(
    [product_id] => 2
)
Array
(
    [action] => add
)

2025-07-07T17:43:32+02:00 Array
(
    [cart] => Array
        (
            [2] => 1
        )

    [user_id] => 2
    [user_role] => user
)
Array
(
)
Array
(
    [action] => count
)

2025-07-07T17:46:10+02:00 Array
(
    [cart] => Array
        (
        )

    [user_id] => 2
    [user_role] => user
)
Array
(
    [product_id] => 2
)
Array
(
    [action] => add
)

2025-07-07T17:46:11+02:00 Array
(
    [cart] => Array
        (
            [2] => 1
        )

    [user_id] => 2
    [user_role] => user
)
Array
(
)
Array
(
    [action] => count
)

2025-07-07T17:48:37+02:00 Array
(
    [cart] => Array
        (
        )

    [user_id] => 2
    [user_role] => user
)
Array
(
    [product_id] => 2
)
Array
(
    [action] => add
)

2025-07-07T17:48:38+02:00 Array
(
    [cart] => Array
        (
            [2] => 1
        )

    [user_id] => 2
    [user_role] => user
)
Array
(
)
Array
(
    [action] => count
)

2025-07-07T17:48:43+02:00 Array
(
    [cart] => Array
        (
            [2] => 1
        )

    [user_id] => 2
    [user_role] => user
)
Array
(
    [product_id] => 2
)
Array
(
    [action] => add
)

2025-07-07T17:48:45+02:00 Array
(
    [cart] => Array
        (
            [2] => 2
        )

    [user_id] => 2
    [user_role] => user
)
Array
(
)
Array
(
    [action] => count
)

2025-07-07T17:51:05+02:00 Array
(
    [cart] => Array
        (
        )

    [user_id] => 2
    [user_role] => user
)
Array
(
    [product_id] => 2
)
Array
(
    [action] => add
)

2025-07-07T17:51:06+02:00 Array
(
    [cart] => Array
        (
            [2] => 1
        )

    [user_id] => 2
    [user_role] => user
)
Array
(
)
Array
(
    [action] => count
)

2025-07-16T19:58:41+02:00 Array
(
    [cart] => Array
        (
        )

    [user_id] => 7
    [user_role] => user
)
Array
(
    [product_id] => 2
)
Array
(
    [action] => add
)

2025-07-16T19:58:42+02:00 Array
(
    [cart] => Array
        (
            [2] => 1
        )

    [user_id] => 7
    [user_role] => user
)
Array
(
)
Array
(
    [action] => count
)

2025-07-16T19:58:43+02:00 Array
(
    [cart] => Array
        (
            [2] => 1
        )

    [user_id] => 7
    [user_role] => user
)
Array
(
    [product_id] => 1
)
Array
(
    [action] => add
)

2025-07-16T19:58:44+02:00 Array
(
    [cart] => Array
        (
            [2] => 1
            [1] => 1
        )

    [user_id] => 7
    [user_role] => user
)
Array
(
)
Array
(
    [action] => count
)

2025-07-16T20:02:37+02:00 Array
(
    [cart] => Array
        (
        )

    [user_id] => 2
    [user_role] => admin
)
Array
(
    [product_id] => 2
)
Array
(
    [action] => add
)

2025-07-16T20:02:38+02:00 Array
(
    [cart] => Array
        (
            [2] => 1
        )

    [user_id] => 2
    [user_role] => admin
)
Array
(
)
Array
(
    [action] => count
)

2025-07-16T20:03:03+02:00 Array
(
    [cart] => Array
        (
        )

    [user_id] => 2
    [user_role] => admin
)
Array
(
    [product_id] => 5
)
Array
(
    [action] => add
)

2025-07-16T20:03:04+02:00 Array
(
    [cart] => Array
        (
            [5] => 1
        )

    [user_id] => 2
    [user_role] => admin
)
Array
(
)
Array
(
    [action] => count
)

2025-07-20T20:07:38+02:00 Array
(
    [cart] => Array
        (
        )

)
Array
(
    [product_id] => 2
)
Array
(
    [action] => add
)

2025-07-20T20:07:39+02:00 Array
(
    [cart] => Array
        (
            [2] => 1
        )

)
Array
(
)
Array
(
    [action] => count
)

2025-07-20T20:07:41+02:00 Array
(
    [cart] => Array
        (
            [2] => 1
        )

)
Array
(
    [product_id] => 3
)
Array
(
    [action] => add
)

2025-07-20T20:07:42+02:00 Array
(
    [cart] => Array
        (
            [2] => 1
            [3] => 1
        )

)
Array
(
)
Array
(
    [action] => count
)

2025-07-20T20:07:49+02:00 Array
(
    [cart] => Array
        (
            [2] => 1
            [3] => 1
        )

)
Array
(
    [product_id] => 6
)
Array
(
    [action] => add
)

2025-07-20T20:07:50+02:00 Array
(
    [cart] => Array
        (
            [2] => 1
            [3] => 1
            [6] => 1
        )

)
Array
(
)
Array
(
    [action] => count
)

2025-07-20T20:07:51+02:00 Array
(
    [cart] => Array
        (
            [2] => 1
            [3] => 1
            [6] => 1
        )

)
Array
(
    [product_id] => 5
)
Array
(
    [action] => add
)

2025-07-20T20:07:52+02:00 Array
(
    [cart] => Array
        (
            [2] => 1
            [3] => 1
            [6] => 1
            [5] => 1
        )

)
Array
(
)
Array
(
    [action] => count
)

2025-07-20T20:08:59+02:00 Array
(
    [cart] => Array
        (
        )

    [user_id] => 2
    [user_role] => admin
)
Array
(
    [product_id] => 2
)
Array
(
    [action] => add
)

2025-07-20T20:09:00+02:00 Array
(
    [cart] => Array
        (
            [2] => 1
        )

    [user_id] => 2
    [user_role] => admin
)
Array
(
)
Array
(
    [action] => count
)

2025-07-20T20:09:01+02:00 Array
(
    [cart] => Array
        (
            [2] => 1
        )

    [user_id] => 2
    [user_role] => admin
)
Array
(
    [product_id] => 1
)
Array
(
    [action] => add
)

2025-07-20T20:09:02+02:00 Array
(
    [cart] => Array
        (
            [2] => 1
            [1] => 1
        )

    [user_id] => 2
    [user_role] => admin
)
Array
(
)
Array
(
    [action] => count
)

2025-07-20T20:09:03+02:00 Array
(
    [cart] => Array
        (
            [2] => 1
            [1] => 1
        )

    [user_id] => 2
    [user_role] => admin
)
Array
(
    [product_id] => 3
)
Array
(
    [action] => add
)

2025-07-20T20:09:04+02:00 Array
(
    [cart] => Array
        (
            [2] => 1
            [1] => 1
            [3] => 1
        )

    [user_id] => 2
    [user_role] => admin
)
Array
(
)
Array
(
    [action] => count
)

2025-08-15T17:18:35+02:00 Array
(
    [user_id] => 7
    [email] => shafiq@gmail.com
    [username] => shafiq
    [fullname] => shafiq nasiree
    [role] => admin
    [cart] => Array
        (
        )

)
Array
(
    [product_id] => 2
)
Array
(
    [action] => add
)

2025-08-15T17:18:36+02:00 Array
(
    [user_id] => 7
    [email] => shafiq@gmail.com
    [username] => shafiq
    [fullname] => shafiq nasiree
    [role] => admin
    [cart] => Array
        (
            [2] => 1
        )

)
Array
(
)
Array
(
    [action] => count
)

